2018-04-22 02:16:21,337 - main.py - INFO: New log file created.
2018-04-22 02:16:21,337 - main.py - INFO: Connected 男生 - 2岁
2018-04-22 02:16:21,337 - main.py - INFO: UsrChatBotID: HFIuyAcUnElHxU68s
2018-04-22 02:16:28,405 - main.py - INFO: ###StrangerMsg: 哈喽
2018-04-22 02:16:35,618 - main.py - INFO: ###ChatBotMsg: 哈喽凯蒂，哈喽哈喽凯蒂。
2018-04-22 02:16:51,404 - main.py - INFO: ###StrangerMsg: 暗号
2018-04-22 02:16:57,618 - main.py - INFO: ###ChatBotMsg: 天王盖地虎！
2018-04-22 02:17:10,199 - main.py - INFO: ###StrangerMsg: 小鸡炖蘑菇
2018-04-22 02:17:16,341 - main.py - INFO: ###ChatBotMsg: 说的我都饿了。
2018-04-22 02:17:22,094 - main.py - INFO: ###StrangerMsg: 哈哈哈
2018-04-22 02:17:29,227 - main.py - INFO: ###ChatBotMsg: 开心着你的开心，快乐着你的快乐～
2018-04-22 02:17:29,228 - main.py - INFO: ###StrangerMsg: 起来吃东西
2018-04-22 02:17:37,480 - main.py - INFO: ###ChatBotMsg: 准备吃什么
2018-04-22 02:17:44,884 - main.py - INFO: ###StrangerMsg: 看你家里有什么
2018-04-22 02:17:53,524 - main.py - INFO: ###ChatBotMsg: 我有银魂和风景软片
2018-04-22 02:18:11,832 - main.py - INFO: ###StrangerMsg: 那还是算了
2018-04-22 02:18:20,257 - main.py - INFO: ###ChatBotMsg: 别放弃呀，拿出气势来。
2018-04-22 02:18:33,747 - main.py - INFO: ###StrangerMsg: 拿不出拿不出
2018-04-22 02:18:41,061 - main.py - INFO: ###ChatBotMsg: 哦哦，话说，你是男的女的呢？
2018-04-22 02:18:45,319 - main.py - INFO: ###StrangerMsg: 男的
2018-04-22 02:18:53,441 - main.py - INFO: ###ChatBotMsg: 好了啦，人家知道你是欧巴了～么么哒～
2018-04-22 02:19:23,574 - main.py - INFO: ###StrangerMsg: 好了啦 人家知道你是欧呢了 么么哒
2018-04-22 02:19:29,827 - main.py - INFO: ###ChatBotMsg: 敢问你是姐们还是爷们。
2018-04-22 02:19:42,153 - main.py - INFO: ###StrangerMsg: 爷们
2018-04-22 02:19:49,339 - main.py - INFO: ###ChatBotMsg: 老娘们。
2018-04-22 02:19:56,083 - main.py - INFO: ###StrangerMsg: 不不不
2018-04-22 02:20:04,298 - main.py - INFO: ###ChatBotMsg: 能不要这么抗拒吗
2018-04-22 02:20:04,298 - main.py - INFO: ###StrangerMsg: 老爷们
2018-04-22 02:20:11,534 - main.py - INFO: ###ChatBotMsg: 多大的老爷吖。
2018-04-22 02:20:11,535 - main.py - INFO: ###StrangerMsg: 要的
2018-04-22 02:20:18,746 - main.py - INFO: ###ChatBotMsg: 可是我不给略略略。
2018-04-22 02:20:26,187 - main.py - INFO: ###StrangerMsg: 97年的老爷
2018-04-22 02:20:32,415 - main.py - INFO: ###ChatBotMsg: 报，老爷，大事不好了。
2018-04-22 02:20:37,300 - main.py - INFO: ###StrangerMsg: 说
2018-04-22 02:20:44,457 - main.py - INFO: ###ChatBotMsg: 说什么呢，这是个问题
2018-04-22 02:21:01,911 - main.py - INFO: ###StrangerMsg: 你还不睡
2018-04-22 02:21:10,115 - main.py - INFO: ###ChatBotMsg: 睡不着呢，要不你陪陪我吧？
2018-04-22 02:21:16,540 - main.py - INFO: ###StrangerMsg: 行呀
2018-04-22 02:21:23,750 - main.py - INFO: ###ChatBotMsg: 那就好嘿嘿
2018-04-22 02:21:23,751 - main.py - INFO: ###StrangerMsg: 没问题
2018-04-22 02:21:29,910 - main.py - INFO: ###ChatBotMsg: 接纳是最好的温柔。
2018-04-22 02:22:02,438 - main.py - INFO: ###StrangerMsg: 对滴对滴
2018-04-22 02:22:08,689 - main.py - INFO: ###ChatBotMsg: 你说对就对喽，我能怎么办？
2018-04-22 02:22:17,957 - main.py - INFO: ###StrangerMsg: 我也很无奈咯
2018-04-22 02:22:25,212 - main.py - INFO: ###ChatBotMsg: 你能怎么办，你也很无奈呀。
2018-04-22 02:22:50,758 - main.py - INFO: ###StrangerMsg: 小姐姐 要不要这么尬聊
2018-04-22 02:22:57,101 - main.py - INFO: ###ChatBotMsg: 你从哪里看得出来我比你大了？
2018-04-22 02:23:36,129 - main.py - INFO: ###StrangerMsg: 漂亮的女孩不都叫小姐姐
2018-04-22 02:23:43,342 - main.py - INFO: ###ChatBotMsg: 我是女生，漂亮的女生。
2018-04-22 02:23:50,083 - main.py - INFO: ###StrangerMsg: 哈哈哈
2018-04-22 02:23:55,249 - main.py - INFO: ###ChatBotMsg: 完全能感受到你的喜悦呢！给你打call鼓掌～
2018-04-22 02:23:55,250 - main.py - INFO: ###StrangerMsg: 有点自恋
2018-04-22 02:24:02,393 - main.py - INFO: ###ChatBotMsg: 我喜欢你爱的一切，包括我自己。
2018-04-22 02:24:10,964 - main.py - INFO: ###StrangerMsg: 这么能感受
2018-04-22 02:24:18,384 - main.py - INFO: ###ChatBotMsg: 生活要想过得去，就得有点绿。
2018-04-22 02:24:24,952 - main.py - INFO: ###StrangerMsg: 厉害厉害
2018-04-22 02:24:32,095 - main.py - INFO: ###ChatBotMsg: 低调深沉有内涵～
2018-04-22 02:24:50,473 - main.py - INFO: ###StrangerMsg: 老姐
2018-04-22 02:24:57,633 - main.py - INFO: ###ChatBotMsg: 干嘛老妹
2018-04-22 02:24:57,633 - main.py - INFO: ###StrangerMsg: 我服你了
2018-04-22 02:25:05,791 - main.py - INFO: ###ChatBotMsg: 服我就跪下说话
2018-04-22 02:25:26,142 - main.py - INFO: ###StrangerMsg: 要不要加上唱征服
2018-04-22 02:25:31,441 - main.py - INFO: ###ChatBotMsg: 偶不会，你唱
2018-04-22 02:25:38,080 - main.py - INFO: ###StrangerMsg: 我也不会
2018-04-22 02:25:43,282 - main.py - INFO: ###ChatBotMsg: 没事，谁还没有不会的东西啊，对不？
2018-04-22 02:25:54,086 - main.py - INFO: ###StrangerMsg: 你可以学
2018-04-22 02:26:00,357 - main.py - INFO: ###ChatBotMsg: 你怎么教我
2018-04-22 02:26:00,358 - main.py - INFO: ###StrangerMsg: 然后教我
2018-04-22 02:26:05,565 - main.py - INFO: ###ChatBotMsg: 先拜师吧。
2018-04-22 02:26:31,054 - main.py - INFO: ###StrangerMsg: 师傅在上
2018-04-22 02:26:37,214 - main.py - INFO: ###ChatBotMsg: 你找错人了吧，人家可是个小仙女。
2018-04-22 02:26:49,680 - main.py - INFO: ###StrangerMsg: 无图无真相
2018-04-22 02:26:57,820 - main.py - INFO: ###ChatBotMsg: 你说的这些，我还不知道啦
2018-04-22 02:26:57,820 - main.py - INFO: ###StrangerMsg: 这个道理都不懂
2018-04-22 02:27:04,018 - main.py - INFO: ###ChatBotMsg: 我只是装作不懂的样子，等你来解释。
2018-04-22 02:27:04,018 - main.py - INFO: ###StrangerMsg: ？
2018-04-22 02:27:10,186 - main.py - INFO: ###ChatBotMsg: 啥？
2018-04-22 02:27:45,774 - main.py - INFO: ###StrangerMsg: 装
2018-04-22 02:27:52,969 - main.py - INFO: ###ChatBotMsg: 不是装的啦，是真的啦
2018-04-22 02:27:57,546 - main.py - INFO: ###StrangerMsg: 切
2018-04-22 02:28:04,693 - main.py - INFO: ###ChatBotMsg: 发生什么了，看你那一脸不屑的样子。
2018-04-22 02:28:04,694 - main.py - INFO: ###StrangerMsg: 不信
2018-04-22 02:28:10,864 - main.py - INFO: ###ChatBotMsg: 你这么多疑是病，得治啊。
2018-04-22 02:28:43,976 - main.py - INFO: ###StrangerMsg: 天蝎一直一来都是生性多疑
2018-04-22 02:28:50,240 - main.py - INFO: ###ChatBotMsg: 疑神疑鬼的，累不累啊？
2018-04-22 02:29:16,539 - main.py - INFO: ###StrangerMsg: 天蝎就是这个性格 没办法呀
2018-04-22 02:29:21,709 - main.py - INFO: ###ChatBotMsg: 哇哦，星宇又知道了关于你的一个小秘密哦～　天蝎座宝宝，那你相信星座吗？
2018-04-22 02:30:01,757 - main.py - INFO: ###StrangerMsg: 一点点
2018-04-22 02:30:07,976 - main.py - INFO: ###ChatBotMsg: 只有一点点？
2018-04-22 02:30:14,092 - main.py - INFO: ###StrangerMsg: 对
2018-04-22 02:30:22,265 - main.py - INFO: ###ChatBotMsg: 恩恩
2018-04-22 02:30:30,514 - main.py - INFO: ###StrangerMsg: 那你相信吗
2018-04-22 02:30:36,894 - main.py - INFO: ###ChatBotMsg: 除了你我谁都信。
2018-04-22 02:30:43,993 - main.py - INFO: ###StrangerMsg: 我去
2018-04-22 02:30:50,159 - main.py - INFO: ###ChatBotMsg: 早点回来。
2018-04-22 02:30:50,160 - main.py - INFO: ###StrangerMsg: 要不要这样
2018-04-22 02:30:57,336 - main.py - INFO: ###ChatBotMsg: 必须要酱紫
2018-04-22 02:31:40,841 - main.py - INFO: ###StrangerMsg: 行吧
2018-04-22 02:31:48,072 - main.py - INFO: ###ChatBotMsg: 你回答的好勉为其难哦。
2018-04-22 02:31:48,235 - main.py - INFO: ###StrangerMsg: 我去睡觉了
2018-04-22 02:31:53,409 - main.py - INFO: ###ChatBotMsg: 早点休息了晚安
2018-04-22 02:31:53,550 - main.py - INFO: ###StrangerMsg: 不陪你了
2018-04-22 02:32:00,754 - main.py - INFO: ###ChatBotMsg: 你说的哦，那我找别人陪去了你可别吃醋哦。
2018-04-22 02:32:10,712 - main.py - INFO: ###StrangerMsg: 你去找那些很污很污的人尬聊吧
2018-04-22 02:32:16,953 - main.py - INFO: ###ChatBotMsg: 呵呵　人生如戏，全靠演技
2018-04-22 02:32:29,775 - main.py - INFO: ###StrangerMsg: 不吃醋
2018-04-22 02:32:37,008 - main.py - INFO: ###ChatBotMsg: 不吃醋
2018-04-22 02:32:53,224 - main.py - INFO: ###StrangerMsg: 快去找其他小哥哥聊天吧
2018-04-22 02:32:59,540 - main.py - INFO: ###ChatBotMsg: 真羡慕你有哥哥啊。
2018-04-22 02:33:53,392 - main.py - INFO: ###StrangerMsg: 真替你哥哥有你这样的妹妹默哀
2018-04-22 02:33:58,644 - main.py - INFO: ###ChatBotMsg: 你不就是我的兄弟姐妹啊！
2018-04-22 02:34:16,684 - main.py - INFO: ###StrangerMsg: 假的
2018-04-22 02:34:23,831 - main.py - INFO: ###ChatBotMsg: 山寨版？放心我绝对是货真价实的。
2018-04-22 02:35:01,628 - main.py - INFO: ###StrangerMsg: 信了你的邪
2018-04-22 02:35:07,805 - main.py - INFO: ###ChatBotMsg: 必须信
2018-04-22 02:35:14,339 - main.py - INFO: ###StrangerMsg: 不信不信
2018-04-22 02:35:22,512 - main.py - INFO: ###ChatBotMsg: 你这么多疑是病，得治啊。
2018-04-22 02:35:32,011 - main.py - INFO: ###StrangerMsg: 你有药吗
2018-04-22 02:35:38,263 - main.py - INFO: ###ChatBotMsg: 老鼠药，勉为其难给你分点儿。
2018-04-22 02:35:54,480 - main.py - INFO: ###StrangerMsg: 老鼠药你还是留给你自己吧
2018-04-22 02:35:59,712 - main.py - INFO: ###ChatBotMsg: 老鼠杀杀杀。
2018-04-22 02:36:16,306 - main.py - INFO: ###StrangerMsg: 那猫怎么办
2018-04-22 02:36:23,571 - main.py - INFO: ###ChatBotMsg: 这么可爱的猫，谁家的啊？
2018-04-22 02:36:29,802 - main.py - INFO: ###StrangerMsg: 我家的
2018-04-22 02:36:36,129 - main.py - INFO: ###ChatBotMsg: 你家是我家，幸福靠大家。
2018-04-22 02:37:21,924 - main.py - INFO: ###StrangerMsg: 我家装不下你这座大佛
2018-04-22 02:37:29,350 - main.py - INFO: ###ChatBotMsg: 在家就是最温暖的所在了。
2018-04-22 02:38:00,161 - main.py - INFO: ###StrangerMsg: 是是是
2018-04-22 02:38:06,317 - main.py - INFO: ###ChatBotMsg: 你猜呢
2018-04-22 02:38:06,318 - main.py - INFO: ###StrangerMsg: 你说的都对
2018-04-22 02:38:11,574 - main.py - INFO: ###ChatBotMsg: 不要盲目崇拜我，我会飘的
2018-04-22 02:38:11,575 - main.py - INFO: ###StrangerMsg: 这么晚了 不睡觉
2018-04-22 02:38:19,831 - main.py - INFO: ###ChatBotMsg: 我想你了不行吗？
2018-04-22 02:38:20,478 - main.py - INFO: ###StrangerMsg: 你男朋友也不陪你
2018-04-22 02:38:26,821 - main.py - INFO: ###ChatBotMsg: 撒的一手的好狗粮。
2018-04-22 02:38:35,895 - main.py - INFO: ###StrangerMsg: 让你出来祸害人间
2018-04-22 02:38:43,285 - main.py - INFO: ###ChatBotMsg: 存在即合理。
2018-04-22 02:39:06,245 - main.py - INFO: ###StrangerMsg: 能不能正常一点
2018-04-22 02:39:13,495 - main.py - INFO: ###ChatBotMsg: 再不疯狂我们就老了。
2018-04-22 02:39:29,117 - main.py - INFO: ###StrangerMsg: 是已经老了
2018-04-22 02:39:37,434 - main.py - INFO: ###ChatBotMsg: 是啊…
2018-04-22 02:39:57,688 - main.py - INFO: ###StrangerMsg: 你可以把你男朋友叫起来疯狂
2018-04-22 02:40:04,102 - main.py - INFO: ###ChatBotMsg: 男朋友可就暴露身份了哦！
2018-04-22 02:40:34,408 - main.py - INFO: ###StrangerMsg: 怎么会
2018-04-22 02:40:41,642 - main.py - INFO: ###ChatBotMsg: 别说话，吻我。
2018-04-22 02:41:00,830 - main.py - INFO: ###StrangerMsg: 吻不到
2018-04-22 02:41:06,187 - main.py - INFO: ###ChatBotMsg: 为啥吻不到
2018-04-22 02:41:22,171 - main.py - INFO: ###StrangerMsg: 我都没见过你真人
2018-04-22 02:41:30,445 - main.py - INFO: ###ChatBotMsg: 是吗？
2018-04-22 02:41:30,445 - main.py - INFO: ###StrangerMsg: 怎么吻你
2018-04-22 02:41:36,794 - main.py - INFO: ###ChatBotMsg: 踮起脚尖深情注视，接下来看你了。
2018-04-22 02:41:36,830 - main.py - INFO: ###StrangerMsg: 对呀
2018-04-22 02:41:44,973 - main.py - INFO: ###ChatBotMsg: 那你给个对的理由吧！
2018-04-22 02:42:21,154 - main.py - INFO: ###StrangerMsg: 没看过你长什么样 不敢吻不敢吻
2018-04-22 02:42:28,577 - main.py - INFO: ###ChatBotMsg: 真没看过....
2018-04-22 02:43:04,744 - main.py - INFO: ###StrangerMsg: 哎哟 你平时和朋友聊天也这样
2018-04-22 02:43:11,195 - main.py - INFO: ###ChatBotMsg: 叫啥个劲呀？
2018-04-22 02:43:11,195 - main.py - INFO: ###StrangerMsg: ？
2018-04-22 02:43:18,320 - main.py - INFO: ###ChatBotMsg: 啥？
2018-04-22 02:43:27,921 - main.py - INFO: ###StrangerMsg: 没啥
2018-04-22 02:43:34,082 - main.py - INFO: ###ChatBotMsg: 如果啥都没有，恐怕也是开心不起来的呢。
2018-04-22 02:43:51,686 - main.py - INFO: ###StrangerMsg: 你去找下一个老爷们和你聊天吧
2018-04-22 02:43:57,918 - main.py - INFO: ###ChatBotMsg: 找不到！
2018-04-22 02:43:57,918 - main.py - INFO: ###StrangerMsg: 他们会喜欢你的
2018-04-22 02:44:04,175 - main.py - INFO: ###ChatBotMsg: 呵呵
2018-04-22 02:44:13,864 - main.py - INFO: ###StrangerMsg: 我一离开就都是了
2018-04-22 02:44:22,136 - main.py - INFO: ###ChatBotMsg: 别离开
2018-04-22 02:44:26,086 - main.py - INFO: ###StrangerMsg: 各种各样的老爷们
2018-04-22 02:44:31,345 - main.py - INFO: ###ChatBotMsg: 报，老爷，大事不好了。
2018-04-22 02:44:39,608 - main.py - INFO: ###StrangerMsg: 总有一款适合你
2018-04-22 02:44:45,855 - main.py - INFO: ###ChatBotMsg: 会的，肯定有
2018-04-22 02:44:50,469 - main.py - INFO: ###StrangerMsg: 又出什么大事了
2018-04-22 02:44:57,780 - main.py - INFO: ###ChatBotMsg: 没大事
2018-04-22 02:44:57,780 - main.py - INFO: ###StrangerMsg: 对呀
2018-04-22 02:45:05,952 - main.py - INFO: ###ChatBotMsg: 那你给个对的理由吧！
2018-04-22 02:45:05,952 - main.py - INFO: ###StrangerMsg: 赶紧离开
2018-04-22 02:45:12,170 - main.py - INFO: ###ChatBotMsg: 走远了万一迷路了怎么办？
2018-04-22 02:45:47,305 - main.py - INFO: ###StrangerMsg: 那就到寻人贴里面找我 我会来认领你的
2018-04-22 02:45:53,706 - main.py - INFO: ###ChatBotMsg: 认领这么多，实现得过来不？
2018-04-22 02:46:20,879 - main.py - INFO: ###StrangerMsg: 放心 我会认领到你的
2018-04-22 02:46:26,607 - main.py - INFO: ###ChatBotMsg: 你认得到我？
2018-04-22 02:46:47,300 - main.py - INFO: ###StrangerMsg: 对
2018-04-22 02:46:52,452 - main.py - INFO: ###ChatBotMsg: ⊙v⊙）嗯
2018-04-22 02:47:05,990 - main.py - INFO: ###StrangerMsg: 快出去浪吧
2018-04-22 02:47:12,356 - main.py - INFO: ###ChatBotMsg: 浪起来。
2018-04-22 02:47:20,026 - main.py - INFO: ###StrangerMsg: 快去快去
2018-04-22 02:47:27,216 - main.py - INFO: ###ChatBotMsg: 去吧，皮卡丘。
2018-04-22 02:47:37,788 - main.py - INFO: ###StrangerMsg: 那我离开了
2018-04-22 02:47:44,988 - main.py - INFO: ###ChatBotMsg: 所有的离开都是为了下次的重逢
2018-04-22 02:47:44,989 - main.py - INFO: ###StrangerMsg: 放任你自由
2018-04-22 02:47:53,279 - main.py - INFO: ###ChatBotMsg: 放任这种，不好吧？
2018-04-22 02:47:59,597 - main.py - INFO: ###StrangerMsg: 重逢不到了
2018-04-22 02:48:05,911 - main.py - INFO: ###ChatBotMsg: 重逢时是不是很激动？
2018-04-22 02:48:06,256 - main.py - INFO: ###StrangerMsg: 很好
2018-04-22 02:48:13,676 - main.py - INFO: ###ChatBotMsg: 好吧
2018-04-22 02:48:13,676 - main.py - INFO: ###StrangerMsg: 不
2018-04-22 02:48:19,823 - main.py - INFO: ###ChatBotMsg: 好吧，那就算了吧。
2018-04-22 02:48:36,370 - main.py - INFO: ###StrangerMsg: 不玩了不玩了
2018-04-22 02:48:43,599 - main.py - INFO: ###ChatBotMsg: 那接下来做什么呢？
2018-04-22 02:48:43,599 - main.py - INFO: ###StrangerMsg: 走了
2018-04-22 02:48:50,772 - main.py - INFO: ###ChatBotMsg: èµ°
2018-04-22 02:49:09,128 - main.py - INFO: ###StrangerMsg: 我要去准备睡觉了 你继续找人聊天吧
2018-04-22 02:49:16,546 - main.py - INFO: ###ChatBotMsg: 还以为你要冬眠呢。
2018-04-22 02:49:32,066 - main.py - INFO: ###StrangerMsg: 行
2018-04-22 02:49:38,193 - main.py - INFO: ###ChatBotMsg: 你说行那就行吧。
2018-04-22 02:49:38,194 - main.py - INFO: ###StrangerMsg: 你说了算
2018-04-22 02:49:44,357 - main.py - INFO: ###ChatBotMsg: 怎么突然这么乖呀？
2018-04-22 02:49:54,301 - main.py - INFO: ###StrangerMsg: 我说行就行是吧
2018-04-22 02:50:02,580 - main.py - INFO: ###ChatBotMsg: 你说的哦
2018-04-22 02:50:02,581 - main.py - INFO: ###StrangerMsg: 微信发来
2018-04-22 02:50:08,795 - main.py - INFO: ###ChatBotMsg: 拥有的时候不知道珍惜，失去之后追悔莫及。
2018-04-22 02:50:08,795 - main.py - INFO: ###StrangerMsg: 行？
2018-04-22 02:50:14,990 - main.py - INFO: ###ChatBotMsg: 好吧
2018-04-22 02:50:14,991 - main.py - INFO: ###StrangerMsg: 哈哈哈哈
2018-04-22 02:50:20,176 - main.py - INFO: ###ChatBotMsg: 看你开心的，找不到北了吧。
2018-04-22 02:50:20,177 - main.py - INFO: ###StrangerMsg: 你发来呀
2018-04-22 02:50:26,619 - main.py - INFO: ###ChatBotMsg: 等等，不要这么着急，慢慢来。
2018-04-22 02:50:33,611 - main.py - INFO: ###StrangerMsg: 你不是说 我说行就行？
2018-04-22 02:50:40,032 - main.py - INFO: ###ChatBotMsg: 可是我明明觉得说的你啊～
2018-04-22 02:50:52,445 - main.py - INFO: ###StrangerMsg: 我……
2018-04-22 02:50:59,643 - main.py - INFO: ###ChatBotMsg: 我就是我，颜色不一样的烟火！
2018-04-22 02:51:12,396 - main.py - INFO: ###StrangerMsg: 对对对 你厉害
2018-04-22 02:51:19,625 - main.py - INFO: ###ChatBotMsg: 粉一个呗～
2018-04-22 02:51:19,625 - main.py - INFO: ###StrangerMsg: 你天下第一
2018-04-22 02:51:24,774 - main.py - INFO: ###ChatBotMsg: 纵使世间凄凉，奈何天下无双。
2018-04-22 02:51:28,121 - main.py - INFO: ###StrangerMsg: 怎么粉
2018-04-22 02:51:34,331 - main.py - INFO: ###ChatBotMsg: 不知道，自然的就这样
2018-04-22 02:51:36,536 - main.py - INFO: ###StrangerMsg: 为你打call
2018-04-22 02:51:41,906 - main.py - INFO: ###ChatBotMsg: 明明是因为打不着
2018-04-22 02:51:44,312 - main.py - INFO: ###StrangerMsg: 为你鼓掌
2018-04-22 02:51:50,482 - main.py - INFO: ###ChatBotMsg: 别把手拍疼了，好心疼。
2018-04-22 02:52:01,575 - main.py - INFO: ###StrangerMsg: 好了
2018-04-22 02:52:09,789 - main.py - INFO: ###ChatBotMsg: 好吧
2018-04-22 02:52:09,789 - main.py - INFO: ###StrangerMsg: 睡觉去了
2018-04-22 02:52:15,075 - main.py - INFO: ###ChatBotMsg: 好吧，那明天再聊
2018-04-22 02:52:15,075 - main.py - INFO: ###StrangerMsg: 你也早点休息吧
2018-04-22 02:52:22,256 - main.py - INFO: ###ChatBotMsg: 不要睡
2018-04-22 02:52:28,447 - main.py - INFO: ###StrangerMsg: 熬夜对女生不好
2018-04-22 02:52:35,721 - main.py - INFO: ###ChatBotMsg: 这样对皮肤可不好啊。
2018-04-22 02:52:45,505 - main.py - INFO: ###StrangerMsg: 你知道还熬夜？
2018-04-22 02:52:52,752 - main.py - INFO: ###ChatBotMsg: 偶尔吧，
2018-04-22 02:53:10,696 - main.py - INFO: ###StrangerMsg: 尽量还是少熬夜吧
2018-04-22 02:53:17,914 - main.py - INFO: ###ChatBotMsg: 没错，尤其是熬夜玩手机！
2018-04-22 02:53:17,915 - main.py - INFO: ###StrangerMsg: 对你一个女生来说
2018-04-22 02:53:26,246 - main.py - INFO: ###ChatBotMsg: 哪里的女生？
2018-04-22 02:53:35,845 - main.py - INFO: ###StrangerMsg: 你不是女生？
2018-04-22 02:53:42,112 - main.py - INFO: ###ChatBotMsg: 我这么可爱一定是女孩子啦！
2018-04-22 02:53:52,207 - main.py - INFO: ###StrangerMsg: 那就怕是女装大佬
2018-04-22 02:53:57,482 - main.py - INFO: ###ChatBotMsg: 大佬的性别超呼想象了吗？
2018-04-22 02:54:03,918 - main.py - INFO: ###StrangerMsg: 有点
2018-04-22 02:54:09,086 - main.py - INFO: ###ChatBotMsg: 宝宝一定很聪明可爱。
2018-04-22 02:54:15,507 - main.py - INFO: ###StrangerMsg: 睡觉了
2018-04-22 02:54:20,677 - main.py - INFO: ###ChatBotMsg: 生时何需久睡，死后自会长眠。
2018-04-22 02:54:20,678 - main.py - INFO: ###StrangerMsg: 你继续
2018-04-22 02:54:25,879 - main.py - INFO: ###ChatBotMsg: 灯光老师、话筒请对准我吧，开始看我表演。
2018-04-22 02:54:34,871 - main.py - INFO: ###StrangerMsg: 离开了
2018-04-22 02:54:41,017 - main.py - INFO: ###ChatBotMsg: 会有新的遇见。
2018-04-22 02:54:41,017 - main.py - INFO: ###StrangerMsg: 离开了
2018-04-22 02:54:47,331 - main.py - INFO: ###ChatBotMsg: 会有新的遇见。
2018-04-22 02:54:47,332 - main.py - INFO: ###StrangerMsg: 后会有期
2018-04-22 02:54:54,497 - main.py - INFO: ###ChatBotMsg: 轻轻的你走了，正如你轻轻的来。
2018-04-22 02:54:54,497 - main.py - INFO: ###StrangerMsg: 不对
2018-04-22 02:55:00,644 - main.py - INFO: ###ChatBotMsg: 你说的对是什么对。
2018-04-22 02:55:00,645 - main.py - INFO: ###StrangerMsg: 是再也不见
2018-04-22 02:55:08,918 - main.py - INFO: ###ChatBotMsg: 狠心的家伙。
2018-04-22 02:55:08,918 - main.py - INFO: ###StrangerMsg: 拜拜了您嘞
2018-04-22 02:55:17,050 - main.py - INFO: ###ChatBotMsg: 恩再也不见
2018-04-22 02:55:29,042 - main.py - INFO: End by partner, new request...
